<?xml version="1.0" encoding="UTF-8"?>
<!-- Generated by org.testng.reporters.JUnitReportReporter -->
<testsuite skipped="0" hostname="kedars-mbp.in.ibm.com" name="TestNG.NewTest2" tests="2" failures="0" timestamp="2019-09-18T12:30:26 IST" time="9.203" errors="0">
  <testcase name="verifyUrl" time="4.962" classname="TestNG.NewTest2"/>
  <testcase name="verifyTitle" time="4.241" classname="TestNG.NewTest2"/>
</testsuite> <!-- TestNG.NewTest2 -->
